0 info it worked if it ends with ok
1 verbose cli [ '/usr/local/bin/node', '/usr/local/bin/npm', 'start' ]
2 info using npm@3.9.3
3 info using node@v6.2.1
4 verbose run-script [ 'prestart', 'start', 'poststart' ]
5 info lifecycle tornado_play@1.0.0~prestart: tornado_play@1.0.0
6 silly lifecycle tornado_play@1.0.0~prestart: no script for prestart, continuing
7 info lifecycle tornado_play@1.0.0~start: tornado_play@1.0.0
8 verbose lifecycle tornado_play@1.0.0~start: unsafe-perm in lifecycle true
9 verbose lifecycle tornado_play@1.0.0~start: PATH: /usr/local/lib/node_modules/npm/bin/node-gyp-bin:/Users/vince/code/python/tornado_play/node_modules/.bin:/usr/local/bin:/Users/vince/.cabal/bin:/usr/bin:/bin:/usr/sbin:/sbin:/usr/local/bin:/Applications/Emacs.app/Contents/MacOS/bin-x86_64-10_9:/Applications/Emacs.app/Contents/MacOS/libexec-x86_64-10_9:/Users/vince/.composer/vendor/bin:/Users/vince/.composer/vendor/bin
10 verbose lifecycle tornado_play@1.0.0~start: CWD: /Users/vince/code/python/tornado_play
11 silly lifecycle tornado_play@1.0.0~start: Args: [ '-c', 'webpack-dev-server --content-base static --inline' ]
12 silly lifecycle tornado_play@1.0.0~start: Returned: code: 1  signal: null
13 info lifecycle tornado_play@1.0.0~start: Failed to exec start script
14 verbose stack Error: tornado_play@1.0.0 start: `webpack-dev-server --content-base static --inline`
14 verbose stack Exit status 1
14 verbose stack     at EventEmitter.<anonymous> (/usr/local/lib/node_modules/npm/lib/utils/lifecycle.js:245:16)
14 verbose stack     at emitTwo (events.js:106:13)
14 verbose stack     at EventEmitter.emit (events.js:191:7)
14 verbose stack     at ChildProcess.<anonymous> (/usr/local/lib/node_modules/npm/lib/utils/spawn.js:24:14)
14 verbose stack     at emitTwo (events.js:106:13)
14 verbose stack     at ChildProcess.emit (events.js:191:7)
14 verbose stack     at maybeClose (internal/child_process.js:852:16)
14 verbose stack     at Process.ChildProcess._handle.onexit (internal/child_process.js:215:5)
15 verbose pkgid tornado_play@1.0.0
16 verbose cwd /Users/vince/code/python/tornado_play/server/templates
17 error Darwin 15.5.0
18 error argv "/usr/local/bin/node" "/usr/local/bin/npm" "start"
19 error node v6.2.1
20 error npm  v3.9.3
21 error code ELIFECYCLE
22 error tornado_play@1.0.0 start: `webpack-dev-server --content-base static --inline`
22 error Exit status 1
23 error Failed at the tornado_play@1.0.0 start script 'webpack-dev-server --content-base static --inline'.
23 error Make sure you have the latest version of node.js and npm installed.
23 error If you do, this is most likely a problem with the tornado_play package,
23 error not with npm itself.
23 error Tell the author that this fails on your system:
23 error     webpack-dev-server --content-base static --inline
23 error You can get information on how to open an issue for this project with:
23 error     npm bugs tornado_play
23 error Or if that isn't available, you can get their info via:
23 error     npm owner ls tornado_play
23 error There is likely additional logging output above.
24 verbose exit [ 1, true ]
